{"timestamp": "2026-05-14T17:36:32.306542Z", "level": "INFO", "action": "[XML SNAPSHOT START]", "message": "Starting XML storage snapshot: xml_storage_snapshot_20260514_173632Z.zip"}
{"timestamp": "2026-05-14T17:36:32.345614Z", "level": "DEBUG", "action": "[XML VALIDATION PASSED]", "message": "File: 20260313_175826_asctt2012.xml"}
{"timestamp": "2026-05-14T17:36:32.378496Z", "level": "DEBUG", "action": "[XML VALIDATION PASSED]", "message": "File: 20260313_175835_asctt2012.xml"}
{"timestamp": "2026-05-14T17:36:32.410683Z", "level": "DEBUG", "action": "[XML VALIDATION PASSED]", "message": "File: 20260313_175949_asctt2012.xml"}
{"timestamp": "2026-05-14T17:36:32.450834Z", "level": "DEBUG", "action": "[XML VALIDATION PASSED]", "message": "File: 20260316_113052_02-0803.xml"}
{"timestamp": "2026-05-14T17:36:32.489696Z", "level": "DEBUG", "action": "[XML VALIDATION PASSED]", "message": "File: 20260316_114125_02-0803.xml"}
{"timestamp": "2026-05-14T17:36:32.528311Z", "level": "DEBUG", "action": "[XML VALIDATION PASSED]", "message": "File: 20260316_114703_02-0803.xml"}
{"timestamp": "2026-05-14T17:36:32.566619Z", "level": "DEBUG", "action": "[XML VALIDATION PASSED]", "message": "File: 20260316_114811_02-0803.xml"}
{"timestamp": "2026-05-14T17:36:32.604982Z", "level": "DEBUG", "action": "[XML VALIDATION PASSED]", "message": "File: 20260316_115655_02-0803.xml"}
{"timestamp": "2026-05-14T17:36:32.643739Z", "level": "DEBUG", "action": "[XML VALIDATION PASSED]", "message": "File: 20260316_121726_02-0803.xml"}
{"timestamp": "2026-05-14T17:36:32.683055Z", "level": "DEBUG", "action": "[XML VALIDATION PASSED]", "message": "File: 20260316_121921_02-0803.xml"}
{"timestamp": "2026-05-14T17:36:32.721648Z", "level": "DEBUG", "action": "[XML VALIDATION PASSED]", "message": "File: 20260316_121938_02-0803.xml"}
{"timestamp": "2026-05-14T17:36:32.760239Z", "level": "DEBUG", "action": "[XML VALIDATION PASSED]", "message": "File: 20260316_161228_02-0803.xml"}
{"timestamp": "2026-05-14T17:36:32.792759Z", "level": "DEBUG", "action": "[XML VALIDATION PASSED]", "message": "File: 20260316_161745_asctt2012.xml"}
{"timestamp": "2026-05-14T17:36:32.825690Z", "level": "DEBUG", "action": "[XML VALIDATION PASSED]", "message": "File: 20260316_174237_asctt2012.xml"}
{"timestamp": "2026-05-14T17:36:32.859141Z", "level": "DEBUG", "action": "[XML VALIDATION PASSED]", "message": "File: 20260316_174947_asctt2012.xml"}
{"timestamp": "2026-05-14T17:36:32.897154Z", "level": "DEBUG", "action": "[XML VALIDATION PASSED]", "message": "File: 20260316_175008_asctt2012.xml"}
{"timestamp": "2026-05-14T17:36:32.931233Z", "level": "DEBUG", "action": "[XML VALIDATION PASSED]", "message": "File: 20260316_175653_asctt2012 (1).xml"}
{"timestamp": "2026-05-14T17:36:32.964351Z", "level": "DEBUG", "action": "[XML VALIDATION PASSED]", "message": "File: 20260316_180654_asctt2012 (2).xml"}
{"timestamp": "2026-05-14T17:36:32.997354Z", "level": "DEBUG", "action": "[XML VALIDATION PASSED]", "message": "File: 20260317_104125_prueba1603.xml"}
{"timestamp": "2026-05-14T17:36:33.029929Z", "level": "DEBUG", "action": "[XML VALIDATION PASSED]", "message": "File: 20260317_112520_asctt2012.xml"}
{"timestamp": "2026-05-14T17:36:33.062620Z", "level": "DEBUG", "action": "[XML VALIDATION PASSED]", "message": "File: 20260317_115421_asctt2012.xml"}
{"timestamp": "2026-05-14T17:36:33.095573Z", "level": "DEBUG", "action": "[XML VALIDATION PASSED]", "message": "File: 20260317_121110_asctt2012 (1).xml"}
{"timestamp": "2026-05-14T17:36:33.131597Z", "level": "DEBUG", "action": "[XML VALIDATION PASSED]", "message": "File: 20260317_122527_asctt2012 (2).xml"}
{"timestamp": "2026-05-14T17:36:33.164382Z", "level": "DEBUG", "action": "[XML VALIDATION PASSED]", "message": "File: 20260317_135215_asctt2012 (2).xml"}
{"timestamp": "2026-05-14T17:36:33.196909Z", "level": "DEBUG", "action": "[XML VALIDATION PASSED]", "message": "File: 20260317_141230_asctt2012 (2).xml"}
{"timestamp": "2026-05-14T17:36:33.229412Z", "level": "DEBUG", "action": "[XML VALIDATION PASSED]", "message": "File: 20260317_144356_asctt2012 (2).xml"}
{"timestamp": "2026-05-14T17:36:33.260517Z", "level": "DEBUG", "action": "[XML VALIDATION PASSED]", "message": "File: 20260317_144623_0903-1503.xml"}
{"timestamp": "2026-05-14T17:36:33.291890Z", "level": "DEBUG", "action": "[XML VALIDATION PASSED]", "message": "File: 20260317_151050_0903-1503.xml"}
{"timestamp": "2026-05-14T17:36:33.324656Z", "level": "DEBUG", "action": "[XML VALIDATION PASSED]", "message": "File: 20260317_151102_1603-2203.xml"}
{"timestamp": "2026-05-14T17:36:33.356136Z", "level": "DEBUG", "action": "[XML VALIDATION PASSED]", "message": "File: 20260317_160205_0903-1503.xml"}
{"timestamp": "2026-05-14T17:36:33.387368Z", "level": "DEBUG", "action": "[XML VALIDATION PASSED]", "message": "File: 20260317_160423_0903-1503.xml"}
{"timestamp": "2026-05-14T17:36:33.420361Z", "level": "DEBUG", "action": "[XML VALIDATION PASSED]", "message": "File: 20260317_160516_1603-2203.xml"}
{"timestamp": "2026-05-14T17:36:33.451680Z", "level": "DEBUG", "action": "[XML VALIDATION PASSED]", "message": "File: 20260317_161152_0903-1503.xml"}
{"timestamp": "2026-05-14T17:36:33.488761Z", "level": "DEBUG", "action": "[XML VALIDATION PASSED]", "message": "File: 20260317_161205_1603-2203.xml"}
{"timestamp": "2026-05-14T17:36:33.520868Z", "level": "DEBUG", "action": "[XML VALIDATION PASSED]", "message": "File: 20260317_161627_1603-2203.xml"}
{"timestamp": "2026-05-14T17:36:33.557967Z", "level": "DEBUG", "action": "[XML VALIDATION PASSED]", "message": "File: 20260318_153619_1603-2203.xml"}
{"timestamp": "2026-05-14T17:36:33.591713Z", "level": "DEBUG", "action": "[XML VALIDATION PASSED]", "message": "File: 20260318_170315_1603-2203.xml"}
{"timestamp": "2026-05-14T17:36:33.623287Z", "level": "DEBUG", "action": "[XML VALIDATION PASSED]", "message": "File: 20260319_094712_ACADLIMA_0903-1503.xml"}
{"timestamp": "2026-05-14T17:36:33.654231Z", "level": "DEBUG", "action": "[XML VALIDATION PASSED]", "message": "File: 20260319_095248_ACADLIMA_0903-1503.xml"}
{"timestamp": "2026-05-14T17:36:33.686564Z", "level": "DEBUG", "action": "[XML VALIDATION PASSED]", "message": "File: 20260319_101950_ACADLIMA_0903-1503.xml"}
{"timestamp": "2026-05-14T17:36:33.718256Z", "level": "DEBUG", "action": "[XML VALIDATION PASSED]", "message": "File: 20260319_102825_ACADLIMA_0903-1503.xml"}
{"timestamp": "2026-05-14T17:36:33.750079Z", "level": "DEBUG", "action": "[XML VALIDATION PASSED]", "message": "File: 20260319_103728_ACADLIMA_0903-1503.xml"}
{"timestamp": "2026-05-14T17:36:33.788647Z", "level": "DEBUG", "action": "[XML VALIDATION PASSED]", "message": "File: 20260319_120134_ACADLIMA_0203-0803.xml"}
{"timestamp": "2026-05-14T17:36:33.820333Z", "level": "DEBUG", "action": "[XML VALIDATION PASSED]", "message": "File: 20260319_120257_ACADLIMA_0903-1503.xml"}
{"timestamp": "2026-05-14T17:36:33.821004Z", "level": "DEBUG", "action": "[XML VALIDATION PASSED]", "message": "File: 20260319_122326_test.xml"}
{"timestamp": "2026-05-14T17:36:33.858960Z", "level": "DEBUG", "action": "[XML VALIDATION PASSED]", "message": "File: 20260319_124115_ACADLIMA_0203-0803.xml"}
{"timestamp": "2026-05-14T17:36:33.890547Z", "level": "DEBUG", "action": "[XML VALIDATION PASSED]", "message": "File: 20260319_124135_ACADLIMA_0903-1503.xml"}
{"timestamp": "2026-05-14T17:36:33.928612Z", "level": "DEBUG", "action": "[XML VALIDATION PASSED]", "message": "File: 20260319_125155_ACADLIMA_0203-0803.xml"}
{"timestamp": "2026-05-14T17:36:33.960064Z", "level": "DEBUG", "action": "[XML VALIDATION PASSED]", "message": "File: 20260319_125212_ACADLIMA_0903-1503.xml"}
{"timestamp": "2026-05-14T17:36:33.998694Z", "level": "DEBUG", "action": "[XML VALIDATION PASSED]", "message": "File: 20260319_125654_ACADLIMA_0203-0803.xml"}
{"timestamp": "2026-05-14T17:36:34.031632Z", "level": "DEBUG", "action": "[XML VALIDATION PASSED]", "message": "File: 20260319_125707_ACADLIMA_0903-1503.xml"}
{"timestamp": "2026-05-14T17:36:34.074489Z", "level": "DEBUG", "action": "[XML VALIDATION PASSED]", "message": "File: 20260319_133548_ACADLIMA_0203-0803.xml"}
{"timestamp": "2026-05-14T17:36:34.106606Z", "level": "DEBUG", "action": "[XML VALIDATION PASSED]", "message": "File: 20260319_133604_ACADLIMA_0903-1503.xml"}
{"timestamp": "2026-05-14T17:36:34.144829Z", "level": "DEBUG", "action": "[XML VALIDATION PASSED]", "message": "File: 20260319_134205_ACADLIMA_0203-0803.xml"}
{"timestamp": "2026-05-14T17:36:34.176084Z", "level": "DEBUG", "action": "[XML VALIDATION PASSED]", "message": "File: 20260319_134217_ACADLIMA_0903-1503.xml"}
{"timestamp": "2026-05-14T17:36:34.218674Z", "level": "DEBUG", "action": "[XML VALIDATION PASSED]", "message": "File: 20260319_134900_ACADLIMA_0203-0803.xml"}
{"timestamp": "2026-05-14T17:36:34.249841Z", "level": "DEBUG", "action": "[XML VALIDATION PASSED]", "message": "File: 20260319_134915_ACADLIMA_0903-1503.xml"}
{"timestamp": "2026-05-14T17:36:34.287093Z", "level": "DEBUG", "action": "[XML VALIDATION PASSED]", "message": "File: 20260319_135730_ACADLIMA_0203-0803.xml"}
{"timestamp": "2026-05-14T17:36:34.319050Z", "level": "DEBUG", "action": "[XML VALIDATION PASSED]", "message": "File: 20260319_135742_ACADLIMA_0903-1503.xml"}
{"timestamp": "2026-05-14T17:36:34.357123Z", "level": "DEBUG", "action": "[XML VALIDATION PASSED]", "message": "File: 20260319_141813_ACADLIMA_0203-0803.xml"}
{"timestamp": "2026-05-14T17:36:34.390620Z", "level": "DEBUG", "action": "[XML VALIDATION PASSED]", "message": "File: 20260319_141826_ACADLIMA_0903-1503.xml"}
{"timestamp": "2026-05-14T17:36:34.428213Z", "level": "DEBUG", "action": "[XML VALIDATION PASSED]", "message": "File: 20260319_170002_ACADLIMA_0203-0803.xml"}
{"timestamp": "2026-05-14T17:36:34.465784Z", "level": "DEBUG", "action": "[XML VALIDATION PASSED]", "message": "File: 20260319_170014_ACADLIMA_0903-1503.xml"}
{"timestamp": "2026-05-14T17:36:34.504191Z", "level": "DEBUG", "action": "[XML VALIDATION PASSED]", "message": "File: 20260325_143036_ACADLIMA_0203-0803.xml"}
{"timestamp": "2026-05-14T17:36:34.535197Z", "level": "DEBUG", "action": "[XML VALIDATION PASSED]", "message": "File: 20260325_143049_ACADLIMA_0903-1503.xml"}
{"timestamp": "2026-05-14T17:36:34.572672Z", "level": "DEBUG", "action": "[XML VALIDATION PASSED]", "message": "File: 20260325_145451_ACADLIMA_0203-0803.xml"}
{"timestamp": "2026-05-14T17:36:34.604869Z", "level": "DEBUG", "action": "[XML VALIDATION PASSED]", "message": "File: 20260325_145502_ACADLIMA_0903-1503.xml"}
{"timestamp": "2026-05-14T17:36:34.635805Z", "level": "DEBUG", "action": "[XML VALIDATION PASSED]", "message": "File: 20260326_152714_ACADLIMA_1603-2003.xml"}
{"timestamp": "2026-05-14T17:36:34.636850Z", "level": "DEBUG", "action": "[XML VALIDATION PASSED]", "message": "File: 20260421_150832_test_mdm.xml"}
{"timestamp": "2026-05-14T17:36:34.637717Z", "level": "DEBUG", "action": "[XML VALIDATION PASSED]", "message": "File: 20260421_150926_test_mdm.xml"}
{"timestamp": "2026-05-14T17:36:34.638580Z", "level": "DEBUG", "action": "[XML VALIDATION PASSED]", "message": "File: 20260421_172241_20260421_150926_test_mdm.xml"}
{"timestamp": "2026-05-14T17:36:34.639489Z", "level": "DEBUG", "action": "[XML VALIDATION PASSED]", "message": "File: 20260421_172333_complex_mdm_test.xml"}
{"timestamp": "2026-05-14T17:36:34.640463Z", "level": "DEBUG", "action": "[XML VALIDATION PASSED]", "message": "File: 20260421_172413_complex_mdm_test.xml"}
{"timestamp": "2026-05-14T17:36:34.641343Z", "level": "DEBUG", "action": "[XML VALIDATION PASSED]", "message": "File: 20260421_172504_complex_mdm_test.xml"}
{"timestamp": "2026-05-14T17:36:34.642359Z", "level": "DEBUG", "action": "[XML VALIDATION PASSED]", "message": "File: 20260421_172610_complex_mdm_test.xml"}
{"timestamp": "2026-05-14T17:36:34.643348Z", "level": "DEBUG", "action": "[XML VALIDATION PASSED]", "message": "File: 20260421_172645_complex_mdm_test.xml"}
{"timestamp": "2026-05-14T17:36:34.644297Z", "level": "DEBUG", "action": "[XML VALIDATION PASSED]", "message": "File: 20260421_172717_complex_mdm_test.xml"}
{"timestamp": "2026-05-14T17:36:34.645145Z", "level": "DEBUG", "action": "[XML VALIDATION PASSED]", "message": "File: 20260421_172809_complex_mdm_test.xml"}
{"timestamp": "2026-05-14T17:36:34.646122Z", "level": "DEBUG", "action": "[XML VALIDATION PASSED]", "message": "File: 20260421_172945_complex_mdm_test.xml"}
{"timestamp": "2026-05-14T17:36:34.647015Z", "level": "DEBUG", "action": "[XML VALIDATION PASSED]", "message": "File: 20260421_173013_complex_mdm_test.xml"}
{"timestamp": "2026-05-14T17:36:34.647922Z", "level": "DEBUG", "action": "[XML VALIDATION PASSED]", "message": "File: 20260421_173043_complex_mdm_test.xml"}
{"timestamp": "2026-05-14T17:36:34.648814Z", "level": "DEBUG", "action": "[XML VALIDATION PASSED]", "message": "File: 20260421_173145_complex_mdm_test.xml"}
{"timestamp": "2026-05-14T17:36:34.649885Z", "level": "DEBUG", "action": "[XML VALIDATION PASSED]", "message": "File: 20260421_173244_complex_mdm_test_v2.xml"}
{"timestamp": "2026-05-14T17:36:34.650973Z", "level": "DEBUG", "action": "[XML VALIDATION PASSED]", "message": "File: 20260421_173401_complex_mdm_test_v2.xml"}
{"timestamp": "2026-05-14T17:36:34.652042Z", "level": "DEBUG", "action": "[XML VALIDATION PASSED]", "message": "File: 20260421_173505_complex_mdm_test_v2.xml"}
{"timestamp": "2026-05-14T17:36:34.653135Z", "level": "DEBUG", "action": "[XML VALIDATION PASSED]", "message": "File: 20260421_173630_complex_mdm_test_v2.xml"}
{"timestamp": "2026-05-14T17:36:34.654133Z", "level": "DEBUG", "action": "[XML VALIDATION PASSED]", "message": "File: 20260421_211418_complex_mdm_test_v2.xml"}
{"timestamp": "2026-05-14T17:36:34.655204Z", "level": "DEBUG", "action": "[XML VALIDATION PASSED]", "message": "File: 20260421_212950_complex_mdm_test_v2.xml"}
{"timestamp": "2026-05-14T17:36:34.698263Z", "level": "DEBUG", "action": "[XML VALIDATION PASSED]", "message": "File: 20260428_094316_ACADLIMA_0203-0803.xml"}
{"timestamp": "2026-05-14T17:36:34.736179Z", "level": "DEBUG", "action": "[XML VALIDATION PASSED]", "message": "File: 20260428_100723_ACADLIMA_0203-0803.xml"}
{"timestamp": "2026-05-14T17:36:34.773890Z", "level": "DEBUG", "action": "[XML VALIDATION PASSED]", "message": "File: 20260428_101851_ACADLIMA_0203-0803.xml"}
{"timestamp": "2026-05-14T17:36:34.774824Z", "level": "DEBUG", "action": "[XML VALIDATION PASSED]", "message": "File: 20260428_104057_test_mdm.xml"}
{"timestamp": "2026-05-14T17:36:34.775638Z", "level": "DEBUG", "action": "[XML VALIDATION PASSED]", "message": "File: 20260428_104133_test_mdm.xml"}
{"timestamp": "2026-05-14T17:36:34.776401Z", "level": "DEBUG", "action": "[XML VALIDATION PASSED]", "message": "File: 20260428_104215_test_mdm.xml"}
{"timestamp": "2026-05-14T17:36:34.777173Z", "level": "DEBUG", "action": "[XML VALIDATION PASSED]", "message": "File: 20260428_104244_test_mdm.xml"}
{"timestamp": "2026-05-14T17:36:34.814477Z", "level": "DEBUG", "action": "[XML VALIDATION PASSED]", "message": "File: 20260428_104556_ACADLIMA_0203-0803.xml"}
{"timestamp": "2026-05-14T17:36:34.854027Z", "level": "DEBUG", "action": "[XML VALIDATION PASSED]", "message": "File: 20260428_110332_ACADLIMA_0203-0803.xml"}
{"timestamp": "2026-05-14T17:36:34.891905Z", "level": "DEBUG", "action": "[XML VALIDATION PASSED]", "message": "File: 20260428_161251_ACADLIMA_0203-0803.xml"}
{"timestamp": "2026-05-14T17:36:34.933479Z", "level": "DEBUG", "action": "[XML VALIDATION PASSED]", "message": "File: 20260428_162144_ACADLIMA_0203-0803.xml"}
{"timestamp": "2026-05-14T17:36:34.971335Z", "level": "DEBUG", "action": "[XML VALIDATION PASSED]", "message": "File: 20260428_163516_ACADLIMA_0203-0803.xml"}
{"timestamp": "2026-05-14T17:36:35.012067Z", "level": "DEBUG", "action": "[XML VALIDATION PASSED]", "message": "File: 20260428_170200_ACADLIMA_0203-0803.xml"}
{"timestamp": "2026-05-14T17:36:35.049894Z", "level": "DEBUG", "action": "[XML VALIDATION PASSED]", "message": "File: 20260428_172518_ACADLIMA_0203-0803.xml"}
{"timestamp": "2026-05-14T17:36:35.087916Z", "level": "DEBUG", "action": "[XML VALIDATION PASSED]", "message": "File: 20260428_172643_ACADLIMA_0203-0803.xml"}
{"timestamp": "2026-05-14T17:36:35.119644Z", "level": "DEBUG", "action": "[XML VALIDATION PASSED]", "message": "File: 20260507_112929_ACADLIMA_0903-1503.xml"}
{"timestamp": "2026-05-14T17:36:35.157613Z", "level": "DEBUG", "action": "[XML VALIDATION PASSED]", "message": "File: 20260507_112946_ACADLIMA_0203-0803.xml"}
{"timestamp": "2026-05-14T17:36:35.158636Z", "level": "DEBUG", "action": "[XML VALIDATION PASSED]", "message": "File: 20260512_180902_test_mdm.xml"}
{"timestamp": "2026-05-14T17:36:35.190012Z", "level": "DEBUG", "action": "[XML VALIDATION PASSED]", "message": "File: asctt2012.xml"}
{"timestamp": "2026-05-14T17:36:35.191009Z", "level": "DEBUG", "action": "[XML VALIDATION PASSED]", "message": "File: complex_mdm_test.xml"}
{"timestamp": "2026-05-14T17:36:35.192161Z", "level": "DEBUG", "action": "[XML VALIDATION PASSED]", "message": "File: complex_mdm_test_v2.xml"}
{"timestamp": "2026-05-14T17:36:35.192717Z", "level": "DEBUG", "action": "[XML VALIDATION PASSED]", "message": "File: test.xml"}
{"timestamp": "2026-05-14T17:36:35.194352Z", "level": "INFO", "action": "[XML SNAPSHOT COMPLETE]", "message": "Snapshot saved to xml_storage_snapshot_20260514_173632Z.zip. Files: 110, Errors: 0"}
